  ruangan3d.cpp
C:\Users\Asus\source\repos\ruangan3d\ruangan3d\ruangan3d.cpp(17,36): warning C4305: 'argument': truncation from 'double' to 'GLclampf'
C:\Users\Asus\source\repos\ruangan3d\ruangan3d\ruangan3d.cpp(194,37): warning C4305: 'argument': truncation from 'double' to 'float'
C:\Users\Asus\source\repos\ruangan3d\ruangan3d\ruangan3d.cpp(195,37): warning C4305: 'argument': truncation from 'double' to 'float'
C:\Users\Asus\source\repos\ruangan3d\ruangan3d\ruangan3d.cpp(197,38): warning C4305: 'argument': truncation from 'double' to 'float'
C:\Users\Asus\source\repos\ruangan3d\ruangan3d\ruangan3d.cpp(199,43): warning C4305: 'argument': truncation from 'double' to 'float'
C:\Users\Asus\source\repos\ruangan3d\ruangan3d\ruangan3d.cpp(206,36): warning C4305: 'argument': truncation from 'double' to 'float'
C:\Users\Asus\source\repos\ruangan3d\ruangan3d\ruangan3d.cpp(207,39): warning C4305: 'argument': truncation from 'double' to 'float'
C:\Users\Asus\source\repos\ruangan3d\ruangan3d\ruangan3d.cpp(209,37): warning C4305: 'argument': truncation from 'double' to 'float'
C:\Users\Asus\source\repos\ruangan3d\ruangan3d\ruangan3d.cpp(211,45): warning C4305: 'argument': truncation from 'double' to 'float'
C:\Users\Asus\source\repos\ruangan3d\ruangan3d\ruangan3d.cpp(218,38): warning C4305: 'argument': truncation from 'double' to 'float'
C:\Users\Asus\source\repos\ruangan3d\ruangan3d\ruangan3d.cpp(220,43): warning C4305: 'argument': truncation from 'double' to 'float'
C:\Users\Asus\source\repos\ruangan3d\ruangan3d\ruangan3d.cpp(222,41): warning C4305: 'argument': truncation from 'double' to 'float'
C:\Users\Asus\source\repos\ruangan3d\ruangan3d\ruangan3d.cpp(224,41): warning C4305: 'argument': truncation from 'double' to 'float'
C:\Users\Asus\source\repos\ruangan3d\ruangan3d\ruangan3d.cpp(226,43): warning C4305: 'argument': truncation from 'double' to 'float'
C:\Users\Asus\source\repos\ruangan3d\ruangan3d\ruangan3d.cpp(228,40): warning C4305: 'argument': truncation from 'double' to 'float'
C:\Users\Asus\source\repos\ruangan3d\ruangan3d\ruangan3d.cpp(230,41): warning C4305: 'argument': truncation from 'double' to 'float'
C:\Users\Asus\source\repos\ruangan3d\ruangan3d\ruangan3d.cpp(232,39): warning C4305: 'argument': truncation from 'double' to 'float'
C:\Users\Asus\source\repos\ruangan3d\ruangan3d\ruangan3d.cpp(242,41): warning C4305: 'argument': truncation from 'double' to 'float'
C:\Users\Asus\source\repos\ruangan3d\ruangan3d\ruangan3d.cpp(244,41): warning C4305: 'argument': truncation from 'double' to 'float'
C:\Users\Asus\source\repos\ruangan3d\ruangan3d\ruangan3d.cpp(246,41): warning C4305: 'argument': truncation from 'double' to 'float'
C:\Users\Asus\source\repos\ruangan3d\ruangan3d\ruangan3d.cpp(248,41): warning C4305: 'argument': truncation from 'double' to 'float'
C:\Users\Asus\source\repos\ruangan3d\ruangan3d\ruangan3d.cpp(250,41): warning C4305: 'argument': truncation from 'double' to 'float'
C:\Users\Asus\source\repos\ruangan3d\ruangan3d\ruangan3d.cpp(252,41): warning C4305: 'argument': truncation from 'double' to 'float'
C:\Users\Asus\source\repos\ruangan3d\ruangan3d\ruangan3d.cpp(260,41): warning C4305: 'argument': truncation from 'double' to 'float'
C:\Users\Asus\source\repos\ruangan3d\ruangan3d\ruangan3d.cpp(262,38): warning C4305: 'argument': truncation from 'double' to 'float'
C:\Users\Asus\source\repos\ruangan3d\ruangan3d\ruangan3d.cpp(269,39): warning C4305: 'argument': truncation from 'double' to 'float'
C:\Users\Asus\source\repos\ruangan3d\ruangan3d\ruangan3d.cpp(271,41): warning C4305: 'argument': truncation from 'double' to 'float'
C:\Users\Asus\source\repos\ruangan3d\ruangan3d\ruangan3d.cpp(273,39): warning C4305: 'argument': truncation from 'double' to 'float'
C:\Users\Asus\source\repos\ruangan3d\ruangan3d\ruangan3d.cpp(275,39): warning C4305: 'argument': truncation from 'double' to 'float'
C:\Users\Asus\source\repos\ruangan3d\ruangan3d\ruangan3d.cpp(277,41): warning C4305: 'argument': truncation from 'double' to 'float'
C:\Users\Asus\source\repos\ruangan3d\ruangan3d\ruangan3d.cpp(279,36): warning C4305: 'argument': truncation from 'double' to 'float'
C:\Users\Asus\source\repos\ruangan3d\ruangan3d\ruangan3d.cpp(281,42): warning C4305: 'argument': truncation from 'double' to 'float'
C:\Users\Asus\source\repos\ruangan3d\ruangan3d\ruangan3d.cpp(288,39): warning C4305: 'argument': truncation from 'double' to 'float'
C:\Users\Asus\source\repos\ruangan3d\ruangan3d\ruangan3d.cpp(291,35): warning C4305: 'argument': truncation from 'double' to 'float'
C:\Users\Asus\source\repos\ruangan3d\ruangan3d\ruangan3d.cpp(294,37): warning C4305: 'argument': truncation from 'double' to 'float'
C:\Users\Asus\source\repos\ruangan3d\ruangan3d\ruangan3d.cpp(296,34): warning C4305: 'argument': truncation from 'double' to 'float'
C:\Users\Asus\source\repos\ruangan3d\ruangan3d\ruangan3d.cpp(298,38): warning C4305: 'argument': truncation from 'double' to 'float'
C:\Users\Asus\source\repos\ruangan3d\ruangan3d\ruangan3d.cpp(306,37): warning C4305: 'argument': truncation from 'double' to 'float'
C:\Users\Asus\source\repos\ruangan3d\ruangan3d\ruangan3d.cpp(308,39): warning C4305: 'argument': truncation from 'double' to 'float'
C:\Users\Asus\source\repos\ruangan3d\ruangan3d\ruangan3d.cpp(310,39): warning C4305: 'argument': truncation from 'double' to 'float'
C:\Users\Asus\source\repos\ruangan3d\ruangan3d\ruangan3d.cpp(313,39): warning C4305: 'argument': truncation from 'double' to 'float'
C:\Users\Asus\source\repos\ruangan3d\ruangan3d\ruangan3d.cpp(314,39): warning C4305: 'argument': truncation from 'double' to 'float'
C:\Users\Asus\source\repos\ruangan3d\ruangan3d\ruangan3d.cpp(321,35): warning C4305: 'argument': truncation from 'double' to 'float'
C:\Users\Asus\source\repos\ruangan3d\ruangan3d\ruangan3d.cpp(322,37): warning C4305: 'argument': truncation from 'double' to 'float'
C:\Users\Asus\source\repos\ruangan3d\ruangan3d\ruangan3d.cpp(332,28): warning C4305: 'argument': truncation from 'double' to 'GLfloat'
C:\Users\Asus\source\repos\ruangan3d\ruangan3d\ruangan3d.cpp(339,24): warning C4305: 'argument': truncation from 'double' to 'GLfloat'
C:\Users\Asus\source\repos\ruangan3d\ruangan3d\ruangan3d.cpp(387,39): warning C4305: 'argument': truncation from 'double' to 'float'
C:\Users\Asus\source\repos\ruangan3d\ruangan3d\ruangan3d.cpp(389,39): warning C4305: 'argument': truncation from 'double' to 'float'
C:\Users\Asus\source\repos\ruangan3d\ruangan3d\ruangan3d.cpp(391,39): warning C4305: 'argument': truncation from 'double' to 'float'
C:\Users\Asus\source\repos\ruangan3d\ruangan3d\ruangan3d.cpp(394,41): warning C4305: 'argument': truncation from 'double' to 'float'
C:\Users\Asus\source\repos\ruangan3d\ruangan3d\ruangan3d.cpp(396,41): warning C4305: 'argument': truncation from 'double' to 'float'
C:\Users\Asus\source\repos\ruangan3d\ruangan3d\ruangan3d.cpp(403,41): warning C4305: 'argument': truncation from 'double' to 'float'
C:\Users\Asus\source\repos\ruangan3d\ruangan3d\ruangan3d.cpp(405,41): warning C4305: 'argument': truncation from 'double' to 'float'
C:\Users\Asus\source\repos\ruangan3d\ruangan3d\ruangan3d.cpp(413,41): warning C4305: 'argument': truncation from 'double' to 'float'
C:\Users\Asus\source\repos\ruangan3d\ruangan3d\ruangan3d.cpp(415,35): warning C4305: 'argument': truncation from 'double' to 'float'
C:\Users\Asus\source\repos\ruangan3d\ruangan3d\ruangan3d.cpp(423,41): warning C4305: 'argument': truncation from 'double' to 'float'
C:\Users\Asus\source\repos\ruangan3d\ruangan3d\ruangan3d.cpp(425,41): warning C4305: 'argument': truncation from 'double' to 'float'
C:\Users\Asus\source\repos\ruangan3d\ruangan3d\ruangan3d.cpp(426,41): warning C4305: 'argument': truncation from 'double' to 'float'
C:\Users\Asus\source\repos\ruangan3d\ruangan3d\ruangan3d.cpp(427,39): warning C4305: 'argument': truncation from 'double' to 'float'
C:\Users\Asus\source\repos\ruangan3d\ruangan3d\ruangan3d.cpp(428,42): warning C4305: 'argument': truncation from 'double' to 'float'
C:\Users\Asus\source\repos\ruangan3d\ruangan3d\ruangan3d.cpp(429,42): warning C4305: 'argument': truncation from 'double' to 'float'
  ruangan3d.vcxproj -> C:\Users\Asus\source\repos\ruangan3d\Debug\ruangan3d.exe
